This is pdfTeX, Version 3.1415926-2.4-1.40.13 (MiKTeX 2.9) (preloaded format=pdflatex 2012.7.22)  17 JUN 2014 03:13
entering extended mode
**C:/Documents*and*Settings/Shandilya/Desktop/Latex*Template*for*beamer/e-Yantr
a-Latex_Beamer_Sample/e-Yantra-Latex_Beamer_Sample.tex

("C:/Documents and Settings/Shandilya/Desktop/Latex Template for beamer/e-Yantr
a-Latex_Beamer_Sample/e-Yantra-Latex_Beamer_Sample.tex"
LaTeX2e <2011/06/27>
Babel <v3.8m> and hyphenation patterns for english, afrikaans, ancientgreek, ar
abic, armenian, assamese, basque, bengali, bokmal, bulgarian, catalan, coptic, 
croatian, czech, danish, dutch, esperanto, estonian, farsi, finnish, french, ga
lician, german, german-x-2012-05-30, greek, gujarati, hindi, hungarian, iceland
ic, indonesian, interlingua, irish, italian, kannada, kurmanji, latin, latvian,
 lithuanian, malayalam, marathi, mongolian, mongolianlmc, monogreek, ngerman, n
german-x-2012-05-30, nynorsk, oriya, panjabi, pinyin, polish, portuguese, roman
ian, russian, sanskrit, serbian, slovak, slovenian, spanish, swedish, swissgerm
an, tamil, telugu, turkish, turkmen, ukenglish, ukrainian, uppersorbian, usengl
ishmax, welsh, loaded.

("C:\Documents and Settings\Shandilya\Application Data\MiKTeX\2.9\tex\latex\bea
mer\base\beamer.cls"
("C:\Documents and Settings\Shandilya\Application Data\MiKTeX\2.9\tex\latex\bea
mer\base\beamerbasercs.sty"
Package: beamerbasercs 2012/06/01 (rcs-revision 352157baec3a)
)
Document Class: beamer 2011/09/12 development version 3.20 A class for typesett
ing presentations (rcs-revision 70f9d8411e54)

("C:\Documents and Settings\Shandilya\Application Data\MiKTeX\2.9\tex\latex\bea
mer\base\beamerbasemodes.sty"
Package: beamerbasemodes 2012/04/15 (rcs-revision cc6557182d97)
\beamer@tempbox=\box26
\beamer@tempcount=\count79
\c@beamerpauses=\count80

("C:\Documents and Settings\Shandilya\Application Data\MiKTeX\2.9\tex\latex\bea
mer\base\beamerbasedecode.sty"
Package: beamerbasedecode 2010/05/01 (rcs-revision efa082c6111d)
\beamer@slideinframe=\count81
\beamer@minimum=\count82
)
\beamer@commentbox=\box27
\beamer@modecount=\count83
)
("C:\Program Files\MiKTeX 2.9\tex\generic\oberdiek\ifpdf.sty"
Package: ifpdf 2011/01/30 v2.3 Provides the ifpdf switch (HO)
Package ifpdf Info: pdfTeX in PDF mode is detected.
)
\headheight=\dimen102
\headdp=\dimen103
\footheight=\dimen104
\sidebarheight=\dimen105
\beamer@tempdim=\dimen106
\beamer@finalheight=\dimen107
\beamer@animht=\dimen108
\beamer@animdp=\dimen109
\beamer@animwd=\dimen110
\beamer@leftmargin=\dimen111
\beamer@rightmargin=\dimen112
\beamer@leftsidebar=\dimen113
\beamer@rightsidebar=\dimen114
\beamer@boxsize=\dimen115
\beamer@vboxoffset=\dimen116
\beamer@descdefault=\dimen117
\beamer@descriptionwidth=\dimen118
\beamer@lastskip=\skip41
\beamer@areabox=\box28
\beamer@animcurrent=\box29
\beamer@animshowbox=\box30
\beamer@sectionbox=\box31
\beamer@logobox=\box32
\beamer@linebox=\box33
\beamer@sectioncount=\count84
\beamer@subsubsectionmax=\count85
\beamer@subsectionmax=\count86
\beamer@sectionmax=\count87
\beamer@totalheads=\count88
\beamer@headcounter=\count89
\beamer@partstartpage=\count90
\beamer@sectionstartpage=\count91
\beamer@subsectionstartpage=\count92
\beamer@animationtempa=\count93
\beamer@animationtempb=\count94
\beamer@xpos=\count95
\beamer@ypos=\count96
\beamer@showpartnumber=\count97
\beamer@currentsubsection=\count98
\beamer@coveringdepth=\count99
\beamer@sectionadjust=\count100
\beamer@tocsectionnumber=\count101

("C:\Documents and Settings\Shandilya\Application Data\MiKTeX\2.9\tex\latex\bea
mer\base\beamerbaseoptions.sty"
Package: beamerbaseoptions 2010/04/27 (rcs-revision 982469101dd6)

("C:\Program Files\MiKTeX 2.9\tex\latex\graphics\keyval.sty"
Package: keyval 1999/03/16 v1.13 key=value parser (DPC)
\KV@toks@=\toks14
))
\beamer@paperwidth=\skip42
\beamer@paperheight=\skip43

("C:\Program Files\MiKTeX 2.9\tex\latex\geometry\geometry.sty"
Package: geometry 2010/09/12 v5.6 Page Geometry

("C:\Program Files\MiKTeX 2.9\tex\generic\oberdiek\ifvtex.sty"
Package: ifvtex 2010/03/01 v1.5 Detect VTeX and its facilities (HO)
Package ifvtex Info: VTeX not detected.
)
("C:\Program Files\MiKTeX 2.9\tex\generic\ifxetex\ifxetex.sty"
Package: ifxetex 2010/09/12 v0.6 Provides ifxetex conditional
)
\Gm@cnth=\count102
\Gm@cntv=\count103
\c@Gm@tempcnt=\count104
\Gm@bindingoffset=\dimen119
\Gm@wd@mp=\dimen120
\Gm@odd@mp=\dimen121
\Gm@even@mp=\dimen122
\Gm@layoutwidth=\dimen123
\Gm@layoutheight=\dimen124
\Gm@layouthoffset=\dimen125
\Gm@layoutvoffset=\dimen126
\Gm@dimlist=\toks15

("C:\Program Files\MiKTeX 2.9\tex\latex\geometry\geometry.cfg"))

Class beamer Warning: ``red'' is obsolete. Use color theme structure instead on
 input line 343.

("C:\Program Files\MiKTeX 2.9\tex\latex\base\size10.clo"
File: size10.clo 2007/10/19 v1.4h Standard LaTeX file (size option)
)
("C:\Program Files\MiKTeX 2.9\tex\latex\pgf\basiclayer\pgfcore.sty"
("C:\Program Files\MiKTeX 2.9\tex\latex\graphics\graphicx.sty"
Package: graphicx 1999/02/16 v1.0f Enhanced LaTeX Graphics (DPC,SPQR)

("C:\Program Files\MiKTeX 2.9\tex\latex\graphics\graphics.sty"
Package: graphics 2009/02/05 v1.0o Standard LaTeX Graphics (DPC,SPQR)

("C:\Program Files\MiKTeX 2.9\tex\latex\graphics\trig.sty"
Package: trig 1999/03/16 v1.09 sin cos tan (DPC)
)
("C:\Program Files\MiKTeX 2.9\tex\latex\00miktex\graphics.cfg"
File: graphics.cfg 2007/01/18 v1.5 graphics configuration of teTeX/TeXLive
)
Package graphics Info: Driver file: pdftex.def on input line 91.

("C:\Program Files\MiKTeX 2.9\tex\latex\pdftex-def\pdftex.def"
File: pdftex.def 2011/05/27 v0.06d Graphics/color for pdfTeX

("C:\Program Files\MiKTeX 2.9\tex\generic\oberdiek\infwarerr.sty"
Package: infwarerr 2010/04/08 v1.3 Providing info/warning/error messages (HO)
)
("C:\Program Files\MiKTeX 2.9\tex\generic\oberdiek\ltxcmds.sty"
Package: ltxcmds 2011/11/09 v1.22 LaTeX kernel commands for general use (HO)
)
\Gread@gobject=\count105
))
\Gin@req@height=\dimen127
\Gin@req@width=\dimen128
)
("C:\Program Files\MiKTeX 2.9\tex\latex\pgf\systemlayer\pgfsys.sty"
("C:\Program Files\MiKTeX 2.9\tex\latex\pgf\utilities\pgfrcs.sty"
("C:\Program Files\MiKTeX 2.9\tex\generic\pgf\utilities\pgfutil-common.tex"
\pgfutil@everybye=\toks16
)
("C:\Program Files\MiKTeX 2.9\tex\generic\pgf\utilities\pgfutil-latex.def"
\pgfutil@abb=\box34

("C:\Program Files\MiKTeX 2.9\tex\latex\ms\everyshi.sty"
Package: everyshi 2001/05/15 v3.00 EveryShipout Package (MS)
))
("C:\Program Files\MiKTeX 2.9\tex\generic\pgf\utilities\pgfrcs.code.tex"
Package: pgfrcs 2010/10/25 v2.10 (rcs-revision 1.24)
))
("C:\Program Files\MiKTeX 2.9\tex\generic\pgf\systemlayer\pgfsys.code.tex"
Package: pgfsys 2010/06/30 v2.10 (rcs-revision 1.37)

("C:\Program Files\MiKTeX 2.9\tex\generic\pgf\utilities\pgfkeys.code.tex"
\pgfkeys@pathtoks=\toks17
\pgfkeys@temptoks=\toks18

("C:\Program Files\MiKTeX 2.9\tex\generic\pgf\utilities\pgfkeysfiltered.code.te
x"
\pgfkeys@tmptoks=\toks19
))
\pgf@x=\dimen129
\pgf@y=\dimen130
\pgf@xa=\dimen131
\pgf@ya=\dimen132
\pgf@xb=\dimen133
\pgf@yb=\dimen134
\pgf@xc=\dimen135
\pgf@yc=\dimen136
\w@pgf@writea=\write3
\r@pgf@reada=\read1
\c@pgf@counta=\count106
\c@pgf@countb=\count107
\c@pgf@countc=\count108
\c@pgf@countd=\count109
 ("C:\Program Files\MiKTeX 2.9\tex\generic\pgf\systemlayer\pgf.cfg"
File: pgf.cfg 2008/05/14  (rcs-revision 1.7)
)
Package pgfsys Info: Driver file for pgf: pgfsys-pdftex.def on input line 900.

("C:\Program Files\MiKTeX 2.9\tex\generic\pgf\systemlayer\pgfsys-pdftex.def"
File: pgfsys-pdftex.def 2009/05/22  (rcs-revision 1.26)

("C:\Program Files\MiKTeX 2.9\tex\generic\pgf\systemlayer\pgfsys-common-pdf.def
"
File: pgfsys-common-pdf.def 2008/05/19  (rcs-revision 1.10)
)))
("C:\Program Files\MiKTeX 2.9\tex\generic\pgf\systemlayer\pgfsyssoftpath.code.t
ex"
File: pgfsyssoftpath.code.tex 2008/07/18  (rcs-revision 1.7)
\pgfsyssoftpath@smallbuffer@items=\count110
\pgfsyssoftpath@bigbuffer@items=\count111
)
("C:\Program Files\MiKTeX 2.9\tex\generic\pgf\systemlayer\pgfsysprotocol.code.t
ex"
File: pgfsysprotocol.code.tex 2006/10/16  (rcs-revision 1.4)
)) ("C:\Program Files\MiKTeX 2.9\tex\latex\xcolor\xcolor.sty"
Package: xcolor 2007/01/21 v2.11 LaTeX color extensions (UK)

("C:\Program Files\MiKTeX 2.9\tex\latex\00miktex\color.cfg"
File: color.cfg 2007/01/18 v1.5 color configuration of teTeX/TeXLive
)
Package xcolor Info: Driver file: pdftex.def on input line 225.

("C:\Program Files\MiKTeX 2.9\tex\latex\colortbl\colortbl.sty"
Package: colortbl 2001/02/13 v0.1j Color table columns (DPC)

("C:\Program Files\MiKTeX 2.9\tex\latex\tools\array.sty"
Package: array 2008/09/09 v2.4c Tabular extension package (FMi)
\col@sep=\dimen137
\extrarowheight=\dimen138
\NC@list=\toks20
\extratabsurround=\skip44
\backup@length=\skip45
)
\everycr=\toks21
\minrowclearance=\skip46
)
\rownum=\count112
Package xcolor Info: Model `cmy' substituted by `cmy0' on input line 1337.
Package xcolor Info: Model `hsb' substituted by `rgb' on input line 1341.
Package xcolor Info: Model `RGB' extended on input line 1353.
Package xcolor Info: Model `HTML' substituted by `rgb' on input line 1355.
Package xcolor Info: Model `Hsb' substituted by `hsb' on input line 1356.
Package xcolor Info: Model `tHsb' substituted by `hsb' on input line 1357.
Package xcolor Info: Model `HSB' substituted by `hsb' on input line 1358.
Package xcolor Info: Model `Gray' substituted by `gray' on input line 1359.
Package xcolor Info: Model `wave' substituted by `hsb' on input line 1360.
)
("C:\Program Files\MiKTeX 2.9\tex\generic\pgf\basiclayer\pgfcore.code.tex"
Package: pgfcore 2010/04/11 v2.10 (rcs-revision 1.7)

("C:\Program Files\MiKTeX 2.9\tex\generic\pgf\math\pgfmath.code.tex"
("C:\Program Files\MiKTeX 2.9\tex\generic\pgf\math\pgfmathcalc.code.tex"
("C:\Program Files\MiKTeX 2.9\tex\generic\pgf\math\pgfmathutil.code.tex")
("C:\Program Files\MiKTeX 2.9\tex\generic\pgf\math\pgfmathparser.code.tex"
\pgfmath@dimen=\dimen139
\pgfmath@count=\count113
\pgfmath@box=\box35
\pgfmath@toks=\toks22
\pgfmath@stack@operand=\toks23
\pgfmath@stack@operation=\toks24
)
("C:\Program Files\MiKTeX 2.9\tex\generic\pgf\math\pgfmathfunctions.code.tex"
("C:\Program Files\MiKTeX 2.9\tex\generic\pgf\math\pgfmathfunctions.basic.code.
tex")
("C:\Program Files\MiKTeX 2.9\tex\generic\pgf\math\pgfmathfunctions.trigonometr
ic.code.tex")
("C:\Program Files\MiKTeX 2.9\tex\generic\pgf\math\pgfmathfunctions.random.code
.tex")
("C:\Program Files\MiKTeX 2.9\tex\generic\pgf\math\pgfmathfunctions.comparison.
code.tex")
("C:\Program Files\MiKTeX 2.9\tex\generic\pgf\math\pgfmathfunctions.base.code.t
ex")
("C:\Program Files\MiKTeX 2.9\tex\generic\pgf\math\pgfmathfunctions.round.code.
tex")
("C:\Program Files\MiKTeX 2.9\tex\generic\pgf\math\pgfmathfunctions.misc.code.t
ex"))) ("C:\Program Files\MiKTeX 2.9\tex\generic\pgf\math\pgfmathfloat.code.tex
"
\c@pgfmathroundto@lastzeros=\count114
))
("C:\Program Files\MiKTeX 2.9\tex\generic\pgf\basiclayer\pgfcorepoints.code.tex
"
File: pgfcorepoints.code.tex 2010/04/09  (rcs-revision 1.20)
\pgf@picminx=\dimen140
\pgf@picmaxx=\dimen141
\pgf@picminy=\dimen142
\pgf@picmaxy=\dimen143
\pgf@pathminx=\dimen144
\pgf@pathmaxx=\dimen145
\pgf@pathminy=\dimen146
\pgf@pathmaxy=\dimen147
\pgf@xx=\dimen148
\pgf@xy=\dimen149
\pgf@yx=\dimen150
\pgf@yy=\dimen151
\pgf@zx=\dimen152
\pgf@zy=\dimen153
)
("C:\Program Files\MiKTeX 2.9\tex\generic\pgf\basiclayer\pgfcorepathconstruct.c
ode.tex"
File: pgfcorepathconstruct.code.tex 2010/08/03  (rcs-revision 1.24)
\pgf@path@lastx=\dimen154
\pgf@path@lasty=\dimen155
)
("C:\Program Files\MiKTeX 2.9\tex\generic\pgf\basiclayer\pgfcorepathusage.code.
tex"
File: pgfcorepathusage.code.tex 2008/04/22  (rcs-revision 1.12)
\pgf@shorten@end@additional=\dimen156
\pgf@shorten@start@additional=\dimen157
)
("C:\Program Files\MiKTeX 2.9\tex\generic\pgf\basiclayer\pgfcorescopes.code.tex
"
File: pgfcorescopes.code.tex 2010/09/08  (rcs-revision 1.34)
\pgfpic=\box36
\pgf@hbox=\box37
\pgf@layerbox@main=\box38
\pgf@picture@serial@count=\count115
)
("C:\Program Files\MiKTeX 2.9\tex\generic\pgf\basiclayer\pgfcoregraphicstate.co
de.tex"
File: pgfcoregraphicstate.code.tex 2008/04/22  (rcs-revision 1.9)
\pgflinewidth=\dimen158
)
("C:\Program Files\MiKTeX 2.9\tex\generic\pgf\basiclayer\pgfcoretransformations
.code.tex"
File: pgfcoretransformations.code.tex 2009/06/10  (rcs-revision 1.11)
\pgf@pt@x=\dimen159
\pgf@pt@y=\dimen160
\pgf@pt@temp=\dimen161
)
("C:\Program Files\MiKTeX 2.9\tex\generic\pgf\basiclayer\pgfcorequick.code.tex"
File: pgfcorequick.code.tex 2008/10/09  (rcs-revision 1.3)
)
("C:\Program Files\MiKTeX 2.9\tex\generic\pgf\basiclayer\pgfcoreobjects.code.te
x"
File: pgfcoreobjects.code.tex 2006/10/11  (rcs-revision 1.2)
)
("C:\Program Files\MiKTeX 2.9\tex\generic\pgf\basiclayer\pgfcorepathprocessing.
code.tex"
File: pgfcorepathprocessing.code.tex 2008/10/09  (rcs-revision 1.8)
)
("C:\Program Files\MiKTeX 2.9\tex\generic\pgf\basiclayer\pgfcorearrows.code.tex
"
File: pgfcorearrows.code.tex 2008/04/23  (rcs-revision 1.11)
)
("C:\Program Files\MiKTeX 2.9\tex\generic\pgf\basiclayer\pgfcoreshade.code.tex"
File: pgfcoreshade.code.tex 2008/11/23  (rcs-revision 1.13)
\pgf@max=\dimen162
\pgf@sys@shading@range@num=\count116
) ("C:\Program Files\MiKTeX 2.9\tex\generic\pgf\basiclayer\pgfcoreimage.code.te
x"
File: pgfcoreimage.code.tex 2010/03/25  (rcs-revision 1.16)

("C:\Program Files\MiKTeX 2.9\tex\generic\pgf\basiclayer\pgfcoreexternal.code.t
ex"
File: pgfcoreexternal.code.tex 2010/09/01  (rcs-revision 1.17)
\pgfexternal@startupbox=\box39
))
("C:\Program Files\MiKTeX 2.9\tex\generic\pgf\basiclayer\pgfcorelayers.code.tex
"
File: pgfcorelayers.code.tex 2010/08/27  (rcs-revision 1.2)
)
("C:\Program Files\MiKTeX 2.9\tex\generic\pgf\basiclayer\pgfcoretransparency.co
de.tex"
File: pgfcoretransparency.code.tex 2008/01/17  (rcs-revision 1.2)
)
("C:\Program Files\MiKTeX 2.9\tex\generic\pgf\basiclayer\pgfcorepatterns.code.t
ex"
File: pgfcorepatterns.code.tex 2009/07/02  (rcs-revision 1.3)
))) ("C:\Program Files\MiKTeX 2.9\tex\latex\pgf\utilities\xxcolor.sty"
Package: xxcolor 2003/10/24 ver 0.1
\XC@nummixins=\count117
\XC@countmixins=\count118
)
("C:\Program Files\MiKTeX 2.9\tex\latex\hyperref\hyperref.sty"
Package: hyperref 2012/05/13 v6.82q Hypertext links for LaTeX

("C:\Program Files\MiKTeX 2.9\tex\generic\oberdiek\hobsub-hyperref.sty"
Package: hobsub-hyperref 2012/04/25 v1.12 Bundle oberdiek, subset hyperref (HO)


("C:\Program Files\MiKTeX 2.9\tex\generic\oberdiek\hobsub-generic.sty"
Package: hobsub-generic 2012/04/25 v1.12 Bundle oberdiek, subset generic (HO)
Package: hobsub 2012/04/25 v1.12 Construct package bundles (HO)
Package hobsub Info: Skipping package `infwarerr' (already loaded).
Package hobsub Info: Skipping package `ltxcmds' (already loaded).
Package: ifluatex 2010/03/01 v1.3 Provides the ifluatex switch (HO)
Package ifluatex Info: LuaTeX not detected.
Package hobsub Info: Skipping package `ifvtex' (already loaded).
Package: intcalc 2007/09/27 v1.1 Expandable calculations with integers (HO)
Package hobsub Info: Skipping package `ifpdf' (already loaded).
Package: etexcmds 2011/02/16 v1.5 Avoid name clashes with e-TeX commands (HO)
Package etexcmds Info: Could not find \expanded.
(etexcmds)             That can mean that you are not using pdfTeX 1.50 or
(etexcmds)             that some package has redefined \expanded.
(etexcmds)             In the latter case, load this package earlier.
Package: kvsetkeys 2012/04/25 v1.16 Key value parser (HO)
Package: kvdefinekeys 2011/04/07 v1.3 Define keys (HO)
Package: pdftexcmds 2011/11/29 v0.20 Utility functions of pdfTeX for LuaTeX (HO
)
Package pdftexcmds Info: LuaTeX not detected.
Package pdftexcmds Info: \pdf@primitive is available.
Package pdftexcmds Info: \pdf@ifprimitive is available.
Package pdftexcmds Info: \pdfdraftmode found.
Package: pdfescape 2011/11/25 v1.13 Implements pdfTeX's escape features (HO)
Package: bigintcalc 2012/04/08 v1.3 Expandable calculations on big integers (HO
)
Package: bitset 2011/01/30 v1.1 Handle bit-vector datatype (HO)
Package: uniquecounter 2011/01/30 v1.2 Provide unlimited unique counter (HO)
)
Package hobsub Info: Skipping package `hobsub' (already loaded).
Package: letltxmacro 2010/09/02 v1.4 Let assignment for LaTeX macros (HO)
Package: hopatch 2011/06/24 v1.1 Wrapper for package hooks (HO)
Package: xcolor-patch 2011/01/30 xcolor patch
Package: atveryend 2011/06/30 v1.8 Hooks at the very end of document (HO)
Package atveryend Info: \enddocument detected (standard20110627).
Package: atbegshi 2011/10/05 v1.16 At begin shipout hook (HO)
Package: refcount 2011/10/16 v3.4 Data extraction from label references (HO)
Package: hycolor 2011/01/30 v1.7 Color options for hyperref/bookmark (HO)
)
("C:\Program Files\MiKTeX 2.9\tex\latex\oberdiek\kvoptions.sty"
Package: kvoptions 2011/06/30 v3.11 Key value format for package options (HO)
)
\@linkdim=\dimen163
\Hy@linkcounter=\count119
\Hy@pagecounter=\count120

("C:\Program Files\MiKTeX 2.9\tex\latex\hyperref\pd1enc.def"
File: pd1enc.def 2012/05/13 v6.82q Hyperref: PDFDocEncoding definition (HO)
)
\Hy@SavedSpaceFactor=\count121

("C:\Program Files\MiKTeX 2.9\tex\latex\00miktex\hyperref.cfg"
File: hyperref.cfg 2002/06/06 v1.2 hyperref configuration of TeXLive
)
Package hyperref Info: Option `bookmarks' set `true' on input line 3941.
Package hyperref Info: Option `bookmarksopen' set `true' on input line 3941.
Package hyperref Info: Option `implicit' set `false' on input line 3941.
Package hyperref Info: Hyper figures OFF on input line 4062.
Package hyperref Info: Link nesting OFF on input line 4067.
Package hyperref Info: Hyper index ON on input line 4070.
Package hyperref Info: Plain pages OFF on input line 4077.
Package hyperref Info: Backreferencing OFF on input line 4082.
Package hyperref Info: Implicit mode OFF; no redefinition of LaTeX internals.
Package hyperref Info: Bookmarks ON on input line 4300.
\c@Hy@tempcnt=\count122

("C:\Program Files\MiKTeX 2.9\tex\latex\ltxmisc\url.sty"
\Urlmuskip=\muskip10
Package: url 2006/04/12  ver 3.3  Verb mode for urls, etc.
)
LaTeX Info: Redefining \url on input line 4653.
\Fld@menulength=\count123
\Field@Width=\dimen164
\Fld@charsize=\dimen165
Package hyperref Info: Hyper figures OFF on input line 5773.
Package hyperref Info: Link nesting OFF on input line 5778.
Package hyperref Info: Hyper index ON on input line 5781.
Package hyperref Info: backreferencing OFF on input line 5788.
Package hyperref Info: Link coloring OFF on input line 5793.
Package hyperref Info: Link coloring with OCG OFF on input line 5798.
Package hyperref Info: PDF/A mode OFF on input line 5803.
LaTeX Info: Redefining \ref on input line 5843.
LaTeX Info: Redefining \pageref on input line 5847.
\Hy@abspage=\count124


Package hyperref Message: Stopped early.

)

Package hyperref Message: Driver (autodetected): hpdftex.

("C:\Program Files\MiKTeX 2.9\tex\latex\hyperref\hpdftex.def"
File: hpdftex.def 2012/05/13 v6.82q Hyperref driver for pdfTeX
\Fld@listcount=\count125
\c@bookmark@seq@number=\count126

("C:\Program Files\MiKTeX 2.9\tex\latex\oberdiek\rerunfilecheck.sty"
Package: rerunfilecheck 2011/04/15 v1.7 Rerun checks for auxiliary files (HO)
Package uniquecounter Info: New unique counter `rerunfilecheck' on input line 2
82.
))
("C:\Documents and Settings\Shandilya\Application Data\MiKTeX\2.9\tex\latex\bea
mer\base\beamerbaserequires.sty"
Package: beamerbaserequires 2010/05/01  (rcs-revision efa082c6111d)

("C:\Documents and Settings\Shandilya\Application Data\MiKTeX\2.9\tex\latex\bea
mer\base\beamerbasecompatibility.sty"
Package: beamerbasecompatibility 2012/05/01  (rcs-revision 67c48b3b652d)
)
("C:\Documents and Settings\Shandilya\Application Data\MiKTeX\2.9\tex\latex\bea
mer\base\beamerbasefont.sty"
Package: beamerbasefont 2012/05/10  (rcs-revision a0b4f9f91ee9)

("C:\Program Files\MiKTeX 2.9\tex\latex\amsfonts\amssymb.sty"
Package: amssymb 2009/06/22 v3.00

("C:\Program Files\MiKTeX 2.9\tex\latex\amsfonts\amsfonts.sty"
Package: amsfonts 2009/06/22 v3.00 Basic AMSFonts support
\@emptytoks=\toks25
\symAMSa=\mathgroup4
\symAMSb=\mathgroup5
LaTeX Font Info:    Overwriting math alphabet `\mathfrak' in version `bold'
(Font)                  U/euf/m/n --> U/euf/b/n on input line 96.
))
("C:\Program Files\MiKTeX 2.9\tex\latex\sansmathaccent\sansmathaccent.sty"
Package: sansmathaccent 2013/03/28

("C:\Program Files\MiKTeX 2.9\tex\latex\filehook\filehook.sty"
Package: filehook 2011/10/12 v0.5d Hooks for input files
)))
("C:\Documents and Settings\Shandilya\Application Data\MiKTeX\2.9\tex\latex\bea
mer\base\beamerbasetranslator.sty"
Package: beamerbasetranslator 2010/06/11  (rcs-revision 85fd1cc7fc42)

("C:\Documents and Settings\Shandilya\Application Data\MiKTeX\2.9\tex\latex\bea
mer\base\translator\translator.sty"
Package: translator 2010/06/12 ver 1.10

("C:\Documents and Settings\Shandilya\Application Data\MiKTeX\2.9\tex\latex\bea
mer\base\translator\translator-language-mappings.tex")))
("C:\Documents and Settings\Shandilya\Application Data\MiKTeX\2.9\tex\latex\bea
mer\base\beamerbasemisc.sty"
Package: beamerbasemisc 2012/02/24  (rcs-revision 2ff5461be705)
)
("C:\Documents and Settings\Shandilya\Application Data\MiKTeX\2.9\tex\latex\bea
mer\base\beamerbasetwoscreens.sty"
Package: beamerbasetwoscreens 2010/05/01  (rcs-revision efa082c6111d)
)
("C:\Documents and Settings\Shandilya\Application Data\MiKTeX\2.9\tex\latex\bea
mer\base\beamerbaseoverlay.sty"
Package: beamerbaseoverlay 2012/04/03  (rcs-revision 45744d9ae88b)
\beamer@argscount=\count127
\beamer@lastskipcover=\skip47
\beamer@trivlistdepth=\count128
)
("C:\Documents and Settings\Shandilya\Application Data\MiKTeX\2.9\tex\latex\bea
mer\base\beamerbasetitle.sty"
Package: beamerbasetitle 2010/09/21  (rcs-revision f0446ed0b6ae)
)
("C:\Documents and Settings\Shandilya\Application Data\MiKTeX\2.9\tex\latex\bea
mer\base\beamerbasesection.sty"
Package: beamerbasesection 2012/05/30  (rcs-revision 22ff49def670)
\c@lecture=\count129
\c@part=\count130
\c@section=\count131
\c@subsection=\count132
\c@subsubsection=\count133
)
("C:\Documents and Settings\Shandilya\Application Data\MiKTeX\2.9\tex\latex\bea
mer\base\beamerbaseframe.sty"
Package: beamerbaseframe 2012/05/31  (rcs-revision 5fc3b3dbfeba)
\beamer@framebox=\box40
\beamer@frametitlebox=\box41
\beamer@zoombox=\box42
\beamer@zoomcount=\count134
\beamer@zoomframecount=\count135
\beamer@frametextheight=\dimen166
\c@subsectionslide=\count136
\beamer@frametopskip=\skip48
\beamer@framebottomskip=\skip49
\beamer@frametopskipautobreak=\skip50
\beamer@framebottomskipautobreak=\skip51
\beamer@envbody=\toks26
\c@framenumber=\count137
)
("C:\Documents and Settings\Shandilya\Application Data\MiKTeX\2.9\tex\latex\bea
mer\base\beamerbaseverbatim.sty"
Package: beamerbaseverbatim 2011/09/12  (rcs-revision 70f9d8411e54)
\beamer@verbatimfileout=\write4
)
("C:\Documents and Settings\Shandilya\Application Data\MiKTeX\2.9\tex\latex\bea
mer\base\beamerbaseframesize.sty"
Package: beamerbaseframesize 2011/09/12  (rcs-revision 70f9d8411e54)
\beamer@splitbox=\box43
\beamer@autobreakcount=\count138
\beamer@autobreaklastheight=\dimen167
\beamer@frametitletoks=\toks27
\beamer@framesubtitletoks=\toks28
)
("C:\Documents and Settings\Shandilya\Application Data\MiKTeX\2.9\tex\latex\bea
mer\base\beamerbaseframecomponents.sty"
Package: beamerbaseframecomponents 2012/03/07  (rcs-revision 9f094699ce15)
\beamer@footins=\box44
)
("C:\Documents and Settings\Shandilya\Application Data\MiKTeX\2.9\tex\latex\bea
mer\base\beamerbasecolor.sty"
Package: beamerbasecolor 2010/06/06  (rcs-revision d1a9b48be06d)
)
("C:\Documents and Settings\Shandilya\Application Data\MiKTeX\2.9\tex\latex\bea
mer\base\beamerbasenotes.sty"
Package: beamerbasenotes 2010/05/01  (rcs-revision efa082c6111d)
\beamer@frameboxcopy=\box45
)
("C:\Documents and Settings\Shandilya\Application Data\MiKTeX\2.9\tex\latex\bea
mer\base\beamerbasetoc.sty"
Package: beamerbasetoc 2012/02/28  (rcs-revision 138681b92320)
)
("C:\Documents and Settings\Shandilya\Application Data\MiKTeX\2.9\tex\latex\bea
mer\base\beamerbasetemplates.sty"
Package: beamerbasetemplates 2010/05/01  (rcs-revision efa082c6111d)
\beamer@sbttoks=\toks29

("C:\Documents and Settings\Shandilya\Application Data\MiKTeX\2.9\tex\latex\bea
mer\base\beamerbaseauxtemplates.sty"
Package: beamerbaseauxtemplates 2012/05/01  (rcs-revision 67c48b3b652d)

("C:\Documents and Settings\Shandilya\Application Data\MiKTeX\2.9\tex\latex\bea
mer\base\beamerbaseboxes.sty"
Package: beamerbaseboxes 2012/05/13  (rcs-revision 56972908a390)
\bmb@box=\box46
\bmb@colorbox=\box47
\bmb@boxshadow=\box48
\bmb@boxshadowball=\box49
\bmb@boxshadowballlarge=\box50
\bmb@temp=\dimen168
\bmb@dima=\dimen169
\bmb@dimb=\dimen170
\bmb@prevheight=\dimen171
)
\beamer@blockheadheight=\dimen172
))
("C:\Documents and Settings\Shandilya\Application Data\MiKTeX\2.9\tex\latex\bea
mer\base\beamerbaselocalstructure.sty"
Package: beamerbaselocalstructure 2012/05/25  (rcs-revision 5ff5e8ed7c0e)

("C:\Program Files\MiKTeX 2.9\tex\latex\tools\enumerate.sty"
Package: enumerate 1999/03/05 v3.00 enumerate extensions (DPC)
\@enLab=\toks30
)
\c@figure=\count139
\c@table=\count140
\abovecaptionskip=\skip52
\belowcaptionskip=\skip53
)
("C:\Documents and Settings\Shandilya\Application Data\MiKTeX\2.9\tex\latex\bea
mer\base\beamerbasenavigation.sty"
Package: beamerbasenavigation 2012/04/03  (rcs-revision 42a0f21a412d)
\beamer@section@min@dim=\dimen173
)
("C:\Documents and Settings\Shandilya\Application Data\MiKTeX\2.9\tex\latex\bea
mer\base\beamerbasetheorems.sty"
Package: beamerbasetheorems 2010/06/06  (rcs-revision 7e7cc5e53e9d)

("C:\Program Files\MiKTeX 2.9\tex\latex\amsmath\amsmath.sty"
Package: amsmath 2013/01/14 v2.14 AMS math features
\@mathmargin=\skip54

For additional information on amsmath, use the `?' option.
("C:\Program Files\MiKTeX 2.9\tex\latex\amsmath\amstext.sty"
Package: amstext 2000/06/29 v2.01

("C:\Program Files\MiKTeX 2.9\tex\latex\amsmath\amsgen.sty"
File: amsgen.sty 1999/11/30 v2.0
\@emptytoks=\toks31
\ex@=\dimen174
))
("C:\Program Files\MiKTeX 2.9\tex\latex\amsmath\amsbsy.sty"
Package: amsbsy 1999/11/29 v1.2d
\pmbraise@=\dimen175
)
("C:\Program Files\MiKTeX 2.9\tex\latex\amsmath\amsopn.sty"
Package: amsopn 1999/12/14 v2.01 operator names
)
\inf@bad=\count141
LaTeX Info: Redefining \frac on input line 210.
\uproot@=\count142
\leftroot@=\count143
LaTeX Info: Redefining \overline on input line 306.
\classnum@=\count144
\DOTSCASE@=\count145
LaTeX Info: Redefining \ldots on input line 378.
LaTeX Info: Redefining \dots on input line 381.
LaTeX Info: Redefining \cdots on input line 466.
\Mathstrutbox@=\box51
\strutbox@=\box52
\big@size=\dimen176
LaTeX Font Info:    Redeclaring font encoding OML on input line 566.
LaTeX Font Info:    Redeclaring font encoding OMS on input line 567.
\macc@depth=\count146
\c@MaxMatrixCols=\count147
\dotsspace@=\muskip11
\c@parentequation=\count148
\dspbrk@lvl=\count149
\tag@help=\toks32
\row@=\count150
\column@=\count151
\maxfields@=\count152
\andhelp@=\toks33
\eqnshift@=\dimen177
\alignsep@=\dimen178
\tagshift@=\dimen179
\tagwidth@=\dimen180
\totwidth@=\dimen181
\lineht@=\dimen182
\@envbody=\toks34
\multlinegap=\skip55
\multlinetaggap=\skip56
\mathdisplay@stack=\toks35
LaTeX Info: Redefining \[ on input line 2665.
LaTeX Info: Redefining \] on input line 2666.
)
("C:\Program Files\MiKTeX 2.9\tex\latex\amscls\amsthm.sty"
Package: amsthm 2004/08/06 v2.20
\thm@style=\toks36
\thm@bodyfont=\toks37
\thm@headfont=\toks38
\thm@notefont=\toks39
\thm@headpunct=\toks40
\thm@preskip=\skip57
\thm@postskip=\skip58
\thm@headsep=\skip59
\dth@everypar=\toks41
)
\c@theorem=\count153
)
("C:\Documents and Settings\Shandilya\Application Data\MiKTeX\2.9\tex\latex\bea
mer\base\beamerbasethemes.sty"
Package: beamerbasethemes 2010/05/01  (rcs-revision efa082c6111d)
))
("C:\Documents and Settings\Shandilya\Application Data\MiKTeX\2.9\tex\latex\bea
mer\base\themes\theme\beamerthemedefault.sty"
Package: beamerthemedefault 2010/06/17  (rcs-revision d02a7cf4d8ae)

("C:\Documents and Settings\Shandilya\Application Data\MiKTeX\2.9\tex\latex\bea
mer\base\themes\font\beamerfontthemedefault.sty"
Package: beamerfontthemedefault 2010/06/17  (rcs-revision d02a7cf4d8ae)
)
("C:\Documents and Settings\Shandilya\Application Data\MiKTeX\2.9\tex\latex\bea
mer\base\themes\color\beamercolorthemedefault.sty"
Package: beamercolorthemedefault 2010/06/17  (rcs-revision d02a7cf4d8ae)
)
("C:\Documents and Settings\Shandilya\Application Data\MiKTeX\2.9\tex\latex\bea
mer\base\themes\inner\beamerinnerthemedefault.sty"
Package: beamerinnerthemedefault 2012/05/01  (rcs-revision 67c48b3b652d)
\beamer@dima=\dimen183
\beamer@dimb=\dimen184
)
("C:\Documents and Settings\Shandilya\Application Data\MiKTeX\2.9\tex\latex\bea
mer\base\themes\outer\beamerouterthemedefault.sty"
Package: beamerouterthemedefault 2010/06/17  (rcs-revision d02a7cf4d8ae)
))
("C:\Documents and Settings\Shandilya\Application Data\MiKTeX\2.9\tex\latex\bea
mer\base\themes\color\beamercolorthemestructure.sty"
Package: beamercolorthemestructure 2010/06/17  (rcs-revision d02a7cf4d8ae)
))
("C:\Documents and Settings\Shandilya\Application Data\MiKTeX\2.9\tex\latex\bea
mer\base\themes\theme\beamerthemeBerlin.sty"
Package: beamerthemeBerlin 2010/06/17  (rcs-revision d02a7cf4d8ae)

("C:\Documents and Settings\Shandilya\Application Data\MiKTeX\2.9\tex\latex\bea
mer\base\themes\outer\beamerouterthememiniframes.sty"
Package: beamerouterthememiniframes 2010/06/17  (rcs-revision d02a7cf4d8ae)
)
("C:\Documents and Settings\Shandilya\Application Data\MiKTeX\2.9\tex\latex\bea
mer\base\themes\color\beamercolorthemewhale.sty"
Package: beamercolorthemewhale 2010/06/17  (rcs-revision d02a7cf4d8ae)
)
("C:\Documents and Settings\Shandilya\Application Data\MiKTeX\2.9\tex\latex\bea
mer\base\themes\color\beamercolorthemeorchid.sty"
Package: beamercolorthemeorchid 2010/06/17  (rcs-revision d02a7cf4d8ae)
)
("C:\Documents and Settings\Shandilya\Application Data\MiKTeX\2.9\tex\latex\bea
mer\base\themes\inner\beamerinnerthemerectangles.sty"
Package: beamerinnerthemerectangles 2010/06/17  (rcs-revision d02a7cf4d8ae)
))
("C:\Documents and Settings\Shandilya\Application Data\MiKTeX\2.9\tex\latex\bea
mer\base\themes\theme\compatibility\beamerthemeshadow.sty"
Package: beamerthemeshadow 2010/06/17  (rcs-revision d02a7cf4d8ae)

("C:\Documents and Settings\Shandilya\Application Data\MiKTeX\2.9\tex\latex\bea
mer\base\themes\inner\beamerinnerthemerounded.sty"
Package: beamerinnerthemerounded 2010/06/17  (rcs-revision d02a7cf4d8ae)
)
("C:\Documents and Settings\Shandilya\Application Data\MiKTeX\2.9\tex\latex\bea
mer\base\themes\outer\beamerouterthemeshadow.sty"
Package: beamerouterthemeshadow 2010/06/17  (rcs-revision d02a7cf4d8ae)

("C:\Documents and Settings\Shandilya\Application Data\MiKTeX\2.9\tex\latex\bea
mer\base\themes\outer\beamerouterthemesplit.sty"
Package: beamerouterthemesplit 2010/06/17  (rcs-revision d02a7cf4d8ae)
))
("C:\Documents and Settings\Shandilya\Application Data\MiKTeX\2.9\tex\latex\bea
mer\base\themes\font\beamerfontthemestructurebold.sty"
Package: beamerfontthemestructurebold 2010/06/17  (rcs-revision d02a7cf4d8ae)
))
("C:\Documents and Settings\Shandilya\Application Data\MiKTeX\2.9\tex\latex\bea
mer\base\themes\theme\compatibility\beamerthemesplit.sty"
Package: beamerthemesplit 2010/06/17  (rcs-revision d02a7cf4d8ae)
)
("C:\Program Files\MiKTeX 2.9\tex\latex\booktabs\booktabs.sty"
Package: booktabs 2005/04/14 v1.61803 publication quality tables
\heavyrulewidth=\dimen185
\lightrulewidth=\dimen186
\cmidrulewidth=\dimen187
\belowrulesep=\dimen188
\belowbottomsep=\dimen189
\aboverulesep=\dimen190
\abovetopsep=\dimen191
\cmidrulesep=\dimen192
\cmidrulekern=\dimen193
\defaultaddspace=\dimen194
\@cmidla=\count154
\@cmidlb=\count155
\@aboverulesep=\dimen195
\@belowrulesep=\dimen196
\@thisruleclass=\count156
\@lastruleclass=\count157
\@thisrulewidth=\dimen197
)
("C:\Program Files\MiKTeX 2.9\tex\latex\listings\listings.sty"
\lst@mode=\count158
\lst@gtempboxa=\box53
\lst@token=\toks42
\lst@length=\count159
\lst@currlwidth=\dimen198
\lst@column=\count160
\lst@pos=\count161
\lst@lostspace=\dimen199
\lst@width=\dimen200
\lst@newlines=\count162
\lst@lineno=\count163
\lst@maxwidth=\dimen201

("C:\Program Files\MiKTeX 2.9\tex\latex\listings\lstmisc.sty"
File: lstmisc.sty 2007/02/22 1.4 (Carsten Heinz)
\c@lstnumber=\count164
\lst@skipnumbers=\count165
\lst@framebox=\box54
)
("C:\Program Files\MiKTeX 2.9\tex\latex\listings\listings.cfg"
File: listings.cfg 2007/02/22 1.4 listings configuration
))
Package: listings 2007/02/22 1.4 (Carsten Heinz)

("C:\Program Files\MiKTeX 2.9\tex\latex\tools\verbatim.sty"
Package: verbatim 2003/08/22 v1.5q LaTeX2e package for verbatim enhancements
\every@verbatim=\toks43
\verbatim@line=\toks44
\verbatim@in@stream=\read2
)
("C:\Program Files\MiKTeX 2.9\tex\latex\moreverb\moreverb.sty"
Package: moreverb 2008/06/03 v2.3a `more' verbatim facilities
\tab@position=\count166
\tab@size=\count167
\listing@line=\count168
)
("C:\Program Files\MiKTeX 2.9\tex\latex\multirow\multirow.sty"
\bigstrutjot=\dimen202
)
("C:\Program Files\MiKTeX 2.9\tex\latex\pgf\frontendlayer\tikz.sty"
("C:\Program Files\MiKTeX 2.9\tex\latex\pgf\basiclayer\pgf.sty"
Package: pgf 2008/01/15 v2.10 (rcs-revision 1.12)

("C:\Program Files\MiKTeX 2.9\tex\generic\pgf\modules\pgfmoduleshapes.code.tex"
File: pgfmoduleshapes.code.tex 2010/09/09  (rcs-revision 1.13)
\pgfnodeparttextbox=\box55
) ("C:\Program Files\MiKTeX 2.9\tex\generic\pgf\modules\pgfmoduleplot.code.tex"
File: pgfmoduleplot.code.tex 2010/10/22  (rcs-revision 1.8)
)
("C:\Program Files\MiKTeX 2.9\tex\latex\pgf\compatibility\pgfcomp-version-0-65.
sty"
Package: pgfcomp-version-0-65 2007/07/03 v2.10 (rcs-revision 1.7)
\pgf@nodesepstart=\dimen203
\pgf@nodesepend=\dimen204
)
("C:\Program Files\MiKTeX 2.9\tex\latex\pgf\compatibility\pgfcomp-version-1-18.
sty"
Package: pgfcomp-version-1-18 2007/07/23 v2.10 (rcs-revision 1.1)
)) ("C:\Program Files\MiKTeX 2.9\tex\latex\pgf\utilities\pgffor.sty"
("C:\Program Files\MiKTeX 2.9\tex\latex\pgf\utilities\pgfkeys.sty"
("C:\Program Files\MiKTeX 2.9\tex\generic\pgf\utilities\pgfkeys.code.tex"))
("C:\Program Files\MiKTeX 2.9\tex\generic\pgf\utilities\pgffor.code.tex"
Package: pgffor 2010/03/23 v2.10 (rcs-revision 1.18)
\pgffor@iter=\dimen205
\pgffor@skip=\dimen206
\pgffor@stack=\toks45
\pgffor@toks=\toks46
))
("C:\Program Files\MiKTeX 2.9\tex\generic\pgf\frontendlayer\tikz\tikz.code.tex"
Package: tikz 2010/10/13 v2.10 (rcs-revision 1.76)

("C:\Program Files\MiKTeX 2.9\tex\generic\pgf\libraries\pgflibraryplothandlers.
code.tex"
File: pgflibraryplothandlers.code.tex 2010/05/31 v2.10 (rcs-revision 1.15)
\pgf@plot@mark@count=\count169
\pgfplotmarksize=\dimen207
)
\tikz@lastx=\dimen208
\tikz@lasty=\dimen209
\tikz@lastxsaved=\dimen210
\tikz@lastysaved=\dimen211
\tikzleveldistance=\dimen212
\tikzsiblingdistance=\dimen213
\tikz@figbox=\box56
\tikz@tempbox=\box57
\tikztreelevel=\count170
\tikznumberofchildren=\count171
\tikznumberofcurrentchild=\count172
\tikz@fig@count=\count173

("C:\Program Files\MiKTeX 2.9\tex\generic\pgf\modules\pgfmodulematrix.code.tex"
File: pgfmodulematrix.code.tex 2010/08/24  (rcs-revision 1.4)
\pgfmatrixcurrentrow=\count174
\pgfmatrixcurrentcolumn=\count175
\pgf@matrix@numberofcolumns=\count176
)
\tikz@expandcount=\count177

("C:\Program Files\MiKTeX 2.9\tex\generic\pgf\frontendlayer\tikz\libraries\tikz
librarytopaths.code.tex"
File: tikzlibrarytopaths.code.tex 2008/06/17 v2.10 (rcs-revision 1.2)
)))
("C:\Program Files\MiKTeX 2.9\tex\generic\pgf\frontendlayer\tikz\libraries\tikz
libraryarrows.code.tex"
File: tikzlibraryarrows.code.tex 2008/01/09 v2.10 (rcs-revision 1.1)

("C:\Program Files\MiKTeX 2.9\tex\generic\pgf\libraries\pgflibraryarrows.code.t
ex"
File: pgflibraryarrows.code.tex 2008/10/27 v2.10 (rcs-revision 1.9)
\arrowsize=\dimen214
))

Package hyperref Warning: Token not allowed in a PDF string (PDFDocEncoding):
(hyperref)                removing `\\' on input line 121.


Package hyperref Warning: Token not allowed in a PDF string (PDFDocEncoding):
(hyperref)                removing `\\' on input line 121.


Package hyperref Warning: Token not allowed in a PDF string (PDFDocEncoding):
(hyperref)                removing `\\' on input line 121.


("C:\Documents and Settings\Shandilya\Desktop\Latex Template for beamer\e-Yantr
a-Latex_Beamer_Sample\e-Yantra-Latex_Beamer_Sample.aux")
LaTeX Font Info:    Checking defaults for OML/cmm/m/it on input line 127.
LaTeX Font Info:    ... okay on input line 127.
LaTeX Font Info:    Checking defaults for T1/cmr/m/n on input line 127.
LaTeX Font Info:    ... okay on input line 127.
LaTeX Font Info:    Checking defaults for OT1/cmr/m/n on input line 127.
LaTeX Font Info:    ... okay on input line 127.
LaTeX Font Info:    Checking defaults for OMS/cmsy/m/n on input line 127.
LaTeX Font Info:    ... okay on input line 127.
LaTeX Font Info:    Checking defaults for OMX/cmex/m/n on input line 127.
LaTeX Font Info:    ... okay on input line 127.
LaTeX Font Info:    Checking defaults for U/cmr/m/n on input line 127.
LaTeX Font Info:    ... okay on input line 127.
LaTeX Font Info:    Checking defaults for PD1/pdf/m/n on input line 127.
LaTeX Font Info:    ... okay on input line 127.

*geometry* driver: auto-detecting
*geometry* detected driver: pdftex
*geometry* verbose mode - [ preamble ] result:
* driver: pdftex
* paper: custom
* layout: <same size as paper>
* layoutoffset:(h,v)=(0.0pt,0.0pt)
* modes: includehead includefoot 
* h-part:(L,W,R)=(28.45274pt, 307.28987pt, 28.45274pt)
* v-part:(T,H,B)=(0.0pt, 273.14662pt, 0.0pt)
* \paperwidth=364.19536pt
* \paperheight=273.14662pt
* \textwidth=307.28987pt
* \textheight=244.6939pt
* \oddsidemargin=-43.81725pt
* \evensidemargin=-43.81725pt
* \topmargin=-72.26999pt
* \headheight=14.22636pt
* \headsep=0.0pt
* \topskip=10.0pt
* \footskip=14.22636pt
* \marginparwidth=3.0pt
* \marginparsep=11.0pt
* \columnsep=10.0pt
* \skip\footins=9.0pt plus 4.0pt minus 2.0pt
* \hoffset=0.0pt
* \voffset=0.0pt
* \mag=1000
* \@twocolumnfalse
* \@twosidefalse
* \@mparswitchfalse
* \@reversemarginfalse
* (1in=72.27pt=25.4mm, 1cm=28.453pt)

("C:\Program Files\MiKTeX 2.9\tex\context\base\supp-pdf.mkii"
[Loading MPS to PDF converter (version 2006.09.02).]
\scratchcounter=\count178
\scratchdimen=\dimen215
\scratchbox=\box58
\nofMPsegments=\count179
\nofMParguments=\count180
\everyMPshowfont=\toks47
\MPscratchCnt=\count181
\MPscratchDim=\dimen216
\MPnumerator=\count182
\makeMPintoPDFobject=\count183
\everyMPtoPDFconversion=\toks48
) ABD: EveryShipout initializing macros
\AtBeginShipoutBox=\box59
Package hyperref Info: Link coloring OFF on input line 127.

("C:\Program Files\MiKTeX 2.9\tex\latex\hyperref\nameref.sty"
Package: nameref 2010/04/30 v2.40 Cross-referencing by name of section

("C:\Program Files\MiKTeX 2.9\tex\generic\oberdiek\gettitlestring.sty"
Package: gettitlestring 2010/12/03 v1.4 Cleanup title references (HO)
)
\c@section@level=\count184
)
LaTeX Info: Redefining \ref on input line 127.
LaTeX Info: Redefining \pageref on input line 127.
LaTeX Info: Redefining \nameref on input line 127.

("C:\Documents and Settings\Shandilya\Desktop\Latex Template for beamer\e-Yantr
a-Latex_Beamer_Sample\e-Yantra-Latex_Beamer_Sample.out")
("C:\Documents and Settings\Shandilya\Desktop\Latex Template for beamer\e-Yantr
a-Latex_Beamer_Sample\e-Yantra-Latex_Beamer_Sample.out")
\@outlinefile=\write5
LaTeX Font Info:    Overwriting symbol font `operators' in version `normal'
(Font)                  OT1/cmr/m/n --> OT1/cmss/m/n on input line 127.
LaTeX Font Info:    Overwriting symbol font `operators' in version `bold'
(Font)                  OT1/cmr/bx/n --> OT1/cmss/bx/n on input line 127.
\symnumbers=\mathgroup6
\sympureletters=\mathgroup7
LaTeX Font Info:    Overwriting math alphabet `\mathrm' in version `normal'
(Font)                  OT1/cmss/m/n --> OT1/cmr/m/n on input line 127.
LaTeX Font Info:    Redeclaring math alphabet \mathbf on input line 127.
LaTeX Font Info:    Overwriting math alphabet `\mathbf' in version `normal'
(Font)                  OT1/cmr/bx/n --> OT1/cmss/bx/n on input line 127.
LaTeX Font Info:    Overwriting math alphabet `\mathbf' in version `bold'
(Font)                  OT1/cmr/bx/n --> OT1/cmss/bx/n on input line 127.
LaTeX Font Info:    Redeclaring math alphabet \mathsf on input line 127.
LaTeX Font Info:    Overwriting math alphabet `\mathsf' in version `normal'
(Font)                  OT1/cmss/m/n --> OT1/cmss/m/n on input line 127.
LaTeX Font Info:    Overwriting math alphabet `\mathsf' in version `bold'
(Font)                  OT1/cmss/bx/n --> OT1/cmss/m/n on input line 127.
LaTeX Font Info:    Redeclaring math alphabet \mathit on input line 127.
LaTeX Font Info:    Overwriting math alphabet `\mathit' in version `normal'
(Font)                  OT1/cmr/m/it --> OT1/cmss/m/it on input line 127.
LaTeX Font Info:    Overwriting math alphabet `\mathit' in version `bold'
(Font)                  OT1/cmr/bx/it --> OT1/cmss/m/it on input line 127.
LaTeX Font Info:    Redeclaring math alphabet \mathtt on input line 127.
LaTeX Font Info:    Overwriting math alphabet `\mathtt' in version `normal'
(Font)                  OT1/cmtt/m/n --> OT1/cmtt/m/n on input line 127.
LaTeX Font Info:    Overwriting math alphabet `\mathtt' in version `bold'
(Font)                  OT1/cmtt/m/n --> OT1/cmtt/m/n on input line 127.
LaTeX Font Info:    Overwriting symbol font `numbers' in version `bold'
(Font)                  OT1/cmss/m/n --> OT1/cmss/bx/n on input line 127.
LaTeX Font Info:    Overwriting symbol font `pureletters' in version `bold'
(Font)                  OT1/cmss/m/it --> OT1/cmss/bx/it on input line 127.
LaTeX Font Info:    Overwriting math alphabet `\mathrm' in version `bold'
(Font)                  OT1/cmss/bx/n --> OT1/cmr/bx/n on input line 127.
LaTeX Font Info:    Overwriting math alphabet `\mathbf' in version `bold'
(Font)                  OT1/cmss/bx/n --> OT1/cmss/bx/n on input line 127.
LaTeX Font Info:    Overwriting math alphabet `\mathsf' in version `bold'
(Font)                  OT1/cmss/m/n --> OT1/cmss/bx/n on input line 127.
LaTeX Font Info:    Overwriting math alphabet `\mathit' in version `bold'
(Font)                  OT1/cmss/m/it --> OT1/cmss/bx/it on input line 127.
LaTeX Font Info:    Overwriting math alphabet `\mathtt' in version `bold'
(Font)                  OT1/cmtt/m/n --> OT1/cmtt/bx/n on input line 127.
LaTeX Font Info:    Redeclaring symbol font `pureletters' on input line 127.
LaTeX Font Info:    Overwriting symbol font `pureletters' in version `normal'
(Font)                  OT1/cmss/m/it --> OT1/mathkerncmss/m/sl on input line 1
27.
LaTeX Font Info:    Overwriting symbol font `pureletters' in version `bold'
(Font)                  OT1/cmss/bx/it --> OT1/mathkerncmss/m/sl on input line 
127.
LaTeX Font Info:    Overwriting symbol font `pureletters' in version `bold'
(Font)                  OT1/mathkerncmss/m/sl --> OT1/mathkerncmss/bx/sl on inp
ut line 127.

("C:\Documents and Settings\Shandilya\Application Data\MiKTeX\2.9\tex\latex\bea
mer\base\translator\dicts\translator-basic-dictionary\translator-basic-dictiona
ry-English.dict"
Dictionary: translator-basic-dictionary, Language: English 
)
("C:\Documents and Settings\Shandilya\Application Data\MiKTeX\2.9\tex\latex\bea
mer\base\translator\dicts\translator-bibliography-dictionary\translator-bibliog
raphy-dictionary-English.dict"
Dictionary: translator-bibliography-dictionary, Language: English 
)
("C:\Documents and Settings\Shandilya\Application Data\MiKTeX\2.9\tex\latex\bea
mer\base\translator\dicts\translator-environment-dictionary\translator-environm
ent-dictionary-English.dict"
Dictionary: translator-environment-dictionary, Language: English 
)
("C:\Documents and Settings\Shandilya\Application Data\MiKTeX\2.9\tex\latex\bea
mer\base\translator\dicts\translator-months-dictionary\translator-months-dictio
nary-English.dict"
Dictionary: translator-months-dictionary, Language: English 
)
("C:\Documents and Settings\Shandilya\Application Data\MiKTeX\2.9\tex\latex\bea
mer\base\translator\dicts\translator-numbers-dictionary\translator-numbers-dict
ionary-English.dict"
Dictionary: translator-numbers-dictionary, Language: English 
)
("C:\Documents and Settings\Shandilya\Application Data\MiKTeX\2.9\tex\latex\bea
mer\base\translator\dicts\translator-theorem-dictionary\translator-theorem-dict
ionary-English.dict"
Dictionary: translator-theorem-dictionary, Language: English 
)
LaTeX Info: Redefining \includegraphics on input line 127.
\c@lstlisting=\count185

("C:\Documents and Settings\Shandilya\Desktop\Latex Template for beamer\e-Yantr
a-Latex_Beamer_Sample\e-Yantra-Latex_Beamer_Sample.nav")

LaTeX Font Warning: Font shape `OT1/cmss/bx/n' in size <4> not available
(Font)              size <5> substituted on input line 131.

<iitblogo.pdf, id=71, 262.9825pt x 257.96375pt>
File: iitblogo.pdf Graphic file (type pdf)
 <use iitblogo.pdf>
Package pdftex.def Info: iitblogo.pdf used on input line 131.
(pdftex.def)             Requested size: 29.0044pt x 28.45274pt.


LaTeX Font Warning: Font shape `OT1/cmss/m/n' in size <4> not available
(Font)              size <5> substituted on input line 131.

[1{C:/Documents and Settings/Shandilya/Local Settings/Application Data/MiKTeX/2
.9/pdftex/config/pdftex.map}

 <C:/Documents and Settings/Shandilya/Desktop/Latex Template for beamer/e-Yantr
a-Latex_Beamer_Sample/iitblogo.pdf>]
("C:\Documents and Settings\Shandilya\Desktop\Latex Template for beamer\e-Yantr
a-Latex_Beamer_Sample\e-Yantra-Latex_Beamer_Sample.toc")
File: iitblogo.pdf Graphic file (type pdf)
 <use iitblogo.pdf>
Package pdftex.def Info: iitblogo.pdf used on input line 137.
(pdftex.def)             Requested size: 29.0044pt x 28.45274pt.

[2

]
File: iitblogo.pdf Graphic file (type pdf)
 <use iitblogo.pdf>
Package pdftex.def Info: iitblogo.pdf used on input line 155.
(pdftex.def)             Requested size: 29.0044pt x 28.45274pt.
 [3

]

LaTeX Warning: The counter will not be printed.
             The label is: $\checkmark $ on input line 173.

LaTeX Font Info:    Try loading font information for U+msa on input line 173.
("C:\Program Files\MiKTeX 2.9\tex\latex\amsfonts\umsa.fd"
File: umsa.fd 2009/06/22 v3.00 AMS symbols A
)
LaTeX Font Info:    Try loading font information for U+msb on input line 173.

("C:\Program Files\MiKTeX 2.9\tex\latex\amsfonts\umsb.fd"
File: umsb.fd 2009/06/22 v3.00 AMS symbols B
)
LaTeX Font Info:    Try loading font information for OT1+mathkerncmss on input 
line 173.

("C:\Program Files\MiKTeX 2.9\tex\latex\sansmathaccent\ot1mathkerncmss.fd"
File: ot1mathkerncmss.fd 2013/03/27 Fontinst v1.933 font definitions for OT1/ma
thkerncmss.
)
File: iitblogo.pdf Graphic file (type pdf)

<use iitblogo.pdf>
Package pdftex.def Info: iitblogo.pdf used on input line 173.
(pdftex.def)             Requested size: 29.0044pt x 28.45274pt.
 [4

]

LaTeX Warning: The counter will not be printed.
             The label is: $\checkmark $ on input line 173.

File: iitblogo.pdf Graphic file (type pdf)
<use iitblogo.pdf>
Package pdftex.def Info: iitblogo.pdf used on input line 173.
(pdftex.def)             Requested size: 29.0044pt x 28.45274pt.
 [5

]
File: iitblogo.pdf Graphic file (type pdf)
 <use iitblogo.pdf>
Package pdftex.def Info: iitblogo.pdf used on input line 191.
(pdftex.def)             Requested size: 29.0044pt x 28.45274pt.
 [6

]
File: iitblogo.pdf Graphic file (type pdf)
 <use iitblogo.pdf>
Package pdftex.def Info: iitblogo.pdf used on input line 212.
(pdftex.def)             Requested size: 29.0044pt x 28.45274pt.
 [7

]
<figure_1.png, id=337, 123.3408pt x 58.2978pt>
File: figure_1.png Graphic file (type png)
 <use figure_1.png>
Package pdftex.def Info: figure_1.png used on input line 229.
(pdftex.def)             Requested size: 122.91406pt x 58.0975pt.
File: iitblogo.pdf Graphic file (type pdf)

<use iitblogo.pdf>
Package pdftex.def Info: iitblogo.pdf used on input line 229.
(pdftex.def)             Requested size: 29.0044pt x 28.45274pt.
 [8

 <C:/Documents and Settings/Shandilya/Desktop/Latex Template for beamer/e-Yantr
a-Latex_Beamer_Sample/figure_1.png>]
File: figure_1.png Graphic file (type png)
 <use figure_1.png>
Package pdftex.def Info: figure_1.png used on input line 229.
(pdftex.def)             Requested size: 122.91406pt x 58.0975pt.
File: iitblogo.pdf Graphic file (type pdf)

<use iitblogo.pdf>
Package pdftex.def Info: iitblogo.pdf used on input line 229.
(pdftex.def)             Requested size: 29.0044pt x 28.45274pt.
 [9

]
File: figure_1.png Graphic file (type png)
 <use figure_1.png>
Package pdftex.def Info: figure_1.png used on input line 229.
(pdftex.def)             Requested size: 122.91406pt x 58.0975pt.
File: iitblogo.pdf Graphic file (type pdf)
 <use iitblogo.pdf>
Package pdftex.def Info: iitblogo.pdf used on input line 229.
(pdftex.def)             Requested size: 29.0044pt x 28.45274pt.
 [10

]
File: figure_1.png Graphic file (type png)

<use figure_1.png>
Package pdftex.def Info: figure_1.png used on input line 229.
(pdftex.def)             Requested size: 122.91406pt x 58.0975pt.
File: iitblogo.pdf Graphic file (type pdf)
 <use iitblogo.pdf>
Package pdftex.def Info: iitblogo.pdf used on input line 229.
(pdftex.def)             Requested size: 29.0044pt x 28.45274pt.
 [11

]
File: iitblogo.pdf Graphic file (type pdf)
 <use iitblogo.pdf>
Package pdftex.def Info: iitblogo.pdf used on input line 249.
(pdftex.def)             Requested size: 29.0044pt x 28.45274pt.
 [12

]
("C:\Documents and Settings\Shandilya\Desktop\Latex Template for beamer\e-Yantr
a-Latex_Beamer_Sample\e-Yantra-Latex_Beamer_Sample.vrb")
File: iitblogo.pdf Graphic file (type pdf)
 <use iitblogo.pdf>
Package pdftex.def Info: iitblogo.pdf used on input line 281.
(pdftex.def)             Requested size: 29.0044pt x 28.45274pt.

[13

]
("C:\Documents and Settings\Shandilya\Desktop\Latex Template for beamer\e-Yantr
a-Latex_Beamer_Sample\e-Yantra-Latex_Beamer_Sample.vrb")
File: iitblogo.pdf Graphic file (type pdf)
 <use iitblogo.pdf>
Package pdftex.def Info: iitblogo.pdf used on input line 281.
(pdftex.def)             Requested size: 29.0044pt x 28.45274pt.

[14

]
("C:\Documents and Settings\Shandilya\Desktop\Latex Template for beamer\e-Yantr
a-Latex_Beamer_Sample\e-Yantra-Latex_Beamer_Sample.vrb")
File: iitblogo.pdf Graphic file (type pdf)
 <use iitblogo.pdf>
Package pdftex.def Info: iitblogo.pdf used on input line 281.
(pdftex.def)             Requested size: 29.0044pt x 28.45274pt.

[15

]
("C:\Documents and Settings\Shandilya\Desktop\Latex Template for beamer\e-Yantr
a-Latex_Beamer_Sample\e-Yantra-Latex_Beamer_Sample.vrb")
File: iitblogo.pdf Graphic file (type pdf)
 <use iitblogo.pdf>
Package pdftex.def Info: iitblogo.pdf used on input line 281.
(pdftex.def)             Requested size: 29.0044pt x 28.45274pt.

[16

]
("C:\Documents and Settings\Shandilya\Desktop\Latex Template for beamer\e-Yantr
a-Latex_Beamer_Sample\e-Yantra-Latex_Beamer_Sample.vrb")
File: iitblogo.pdf Graphic file (type pdf)
 <use iitblogo.pdf>
Package pdftex.def Info: iitblogo.pdf used on input line 281.
(pdftex.def)             Requested size: 29.0044pt x 28.45274pt.

[17

]
("C:\Documents and Settings\Shandilya\Desktop\Latex Template for beamer\e-Yantr
a-Latex_Beamer_Sample\e-Yantra-Latex_Beamer_Sample.vrb")
File: iitblogo.pdf Graphic file (type pdf)
 <use iitblogo.pdf>
Package pdftex.def Info: iitblogo.pdf used on input line 281.
(pdftex.def)             Requested size: 29.0044pt x 28.45274pt.

[18

]
File: iitblogo.pdf Graphic file (type pdf)
 <use iitblogo.pdf>
Package pdftex.def Info: iitblogo.pdf used on input line 291.
(pdftex.def)             Requested size: 29.0044pt x 28.45274pt.
 [19

]
("C:\Documents and Settings\Shandilya\Desktop\Latex Template for beamer\e-Yantr
a-Latex_Beamer_Sample\e-Yantra-Latex_Beamer_Sample.vrb")
File: iitblogo.pdf Graphic file (type pdf)
 <use iitblogo.pdf>
Package pdftex.def Info: iitblogo.pdf used on input line 307.
(pdftex.def)             Requested size: 29.0044pt x 28.45274pt.

[20

]
File: iitblogo.pdf Graphic file (type pdf)
 <use iitblogo.pdf>
Package pdftex.def Info: iitblogo.pdf used on input line 331.
(pdftex.def)             Requested size: 29.0044pt x 28.45274pt.
 [21

 <C:/Documents and Settings/Shandilya/Application Data/MiKTeX/2.9/tex/latex/bea
mer/base/art/beamericonarticle.pdf>]

LaTeX Warning: Hyper reference `helpdesk@e-yantra.org' on page 22 undefined on 
input line 342.

File: iitblogo.pdf Graphic file (type pdf)
<use iitblogo.pdf>
Package pdftex.def Info: iitblogo.pdf used on input line 342.
(pdftex.def)             Requested size: 29.0044pt x 28.45274pt.
 [22

]
\tf@nav=\write6
\tf@toc=\write7
\tf@snm=\write8
Package atveryend Info: Empty hook `BeforeClearDocument' on input line 345.
Package atveryend Info: Empty hook `AfterLastShipout' on input line 345.

("C:\Documents and Settings\Shandilya\Desktop\Latex Template for beamer\e-Yantr
a-Latex_Beamer_Sample\e-Yantra-Latex_Beamer_Sample.aux")
Package atveryend Info: Executing hook `AtVeryEndDocument' on input line 345.
Package atveryend Info: Executing hook `AtEndAfterFileList' on input line 345.
Package rerunfilecheck Info: File `e-Yantra-Latex_Beamer_Sample.out' has not ch
anged.
(rerunfilecheck)             Checksum: D08B3C23B74EE285FB60BC6F04D82167;791.


LaTeX Font Warning: Size substitutions with differences
(Font)              up to 1.0pt have occurred.


LaTeX Warning: There were undefined references.

Package atveryend Info: Empty hook `AtVeryVeryEnd' on input line 345.
 ) 
Here is how much of TeX's memory you used:
 19809 strings out of 493921
 386591 string characters out of 3147216
 461984 words of memory out of 3000000
 22538 multiletter control sequences out of 15000+200000
 10210 words of font info for 38 fonts, out of 3000000 for 9000
 841 hyphenation exceptions out of 8191
 56i,19n,62p,610b,823s stack positions out of 5000i,500n,10000p,200000b,50000s
<C:/Program Files/MiKTeX 2.9/fonts/type1/public/amsfonts/cm/cmss10.pfb><C:/Pr
ogram Files/MiKTeX 2.9/fonts/type1/public/amsfonts/cm/cmss12.pfb><C:/Program Fi
les/MiKTeX 2.9/fonts/type1/public/amsfonts/cm/cmss8.pfb><C:/Program Files/MiKTe
X 2.9/fonts/type1/public/amsfonts/cm/cmss9.pfb><C:/Program Files/MiKTeX 2.9/fon
ts/type1/public/amsfonts/cm/cmssbx10.pfb><C:/Program Files/MiKTeX 2.9/fonts/typ
e1/public/amsfonts/cm/cmssi8.pfb><C:/Program Files/MiKTeX 2.9/fonts/type1/publi
c/amsfonts/cm/cmtt10.pfb><C:/Program Files/MiKTeX 2.9/fonts/type1/public/amsfon
ts/cm/cmtt8.pfb><C:/Program Files/MiKTeX 2.9/fonts/type1/public/amsfonts/symbol
s/msam10.pfb>
Output written on e-Yantra-Latex_Beamer_Sample.pdf (22 pages, 331195 bytes).
PDF statistics:
 907 PDF objects out of 1000 (max. 8388607)
 62 named destinations out of 1000 (max. 500000)
 211 words of extra memory for PDF output out of 10000 (max. 10000000)

